<?xml version="1.0" encoding="UTF-8"?>
<testsuites name="Regression" time="10.516" tests="1" failures="0" errors="0">
   <testsuite name="Regression" tests="1" failures="0" errors="0" time="10.516" skipped="0" timestamp="2023-12-11 23:03:11" hostname="hcuser - 192.168.239.132" id="Test Suites/Regression">
      <properties>
         <property name="deviceName" value=""/>
         <property name="devicePlatform" value=""/>
         <property name="logFolder" value="C:\\Users\\hcuser\\git\\IP629-Katalon-regression\\Reports\\20231211_230305\\Regression\\20231211_230305"/>
         <property name="logFiles" value="C:\\Users\\hcuser\\git\\IP629-Katalon-regression\\Reports\\20231211_230305\\Regression\\20231211_230305\\execution0.log"/>
         <property name="attachments" value=""/>
         <property name="hostName" value="hcuser - 192.168.239.132"/>
         <property name="os" value="Windows 10 64bit"/>
         <property name="katalonVersion" value="9.0.0.212"/>
         <property name="browser" value="Chrome 120.0.0.0"/>
         <property name="hostAddress" value="192.168.239.132"/>
         <property name="sessionId" value="cf43c76b60b5d5fed39901d187539471"/>
         <property name="seleniumVersion" value="3.141.59"/>
         <property name="proxyInformation" value="ProxyInformation { proxyOption=NO_PROXY, proxyServerType=HTTP, username=, password=********, proxyServerAddress=, proxyServerPort=0, executionList=&quot;&quot;, isApplyToDesiredCapabilities=true }"/>
         <property name="platform" value="Windows 10"/>
      </properties>
      <testcase name="Test Cases/Forms Landing Page" time="10.132" classname="Test Cases/Forms Landing Page" status="PASSED">
         <system-out><![CDATA[2023-12-11 23:03:12 - [TEST_CASE][PASSED] - Test Cases/Forms Landing Page: Test Cases/Forms Landing Page

2023-12-11 23:03:12 - [TEST_STEP][PASSED] - openBrowser(""): Browser is opened with url: ''

2023-12-11 23:03:13 - [MESSAGE][INFO] - Starting 'Chrome' driver

2023-12-11 23:03:13 - [MESSAGE][INFO] - Action delay is set to 0 milliseconds

2023-12-11 23:03:15 - [MESSAGE][PASSED] - Browser is opened with url: ''

2023-12-11 23:03:15 - [TEST_STEP][PASSED] - navigateToUrl("https://was-dtb-dpddmd-eprs-qa.azurewebsites.net/forms"): Navigate to 'https://was-dtb-dpddmd-eprs-qa.azurewebsites.net/forms' successfully

2023-12-11 23:03:18 - [MESSAGE][PASSED] - Navigate to 'https://was-dtb-dpddmd-eprs-qa.azurewebsites.net/forms' successfully

2023-12-11 23:03:18 - [TEST_STEP][NOT_RUN] - verifyElementText(findTestObject("Object Repository/Forms Landing Page/Page_Forms for registrants and applicants -_29e31d/h1_Forms for registrants and applicants"), "Forms for registrants and applicants"): NOT_RUN: verifyElementText(findTestObject("Object Repository/Forms Landing Page/Page_Forms for registrants and applicants -_29e31d/h1_Forms for registrants and applicants"), "Forms for registrants and applicants")

2023-12-11 23:03:18 - [MESSAGE][NOT_RUN] - NOT_RUN: verifyElementText(findTestObject("Object Repository/Forms Landing Page/Page_Forms for registrants and applicants -_29e31d/h1_Forms for registrants and applicants"), "Forms for registrants and applicants")

2023-12-11 23:03:18 - [TEST_STEP][PASSED] - verifyElementText(findTestObject("Object Repository/Forms Landing Page/Page_Forms for registrants and applicants -_29e31d/h2_Instructions for requesting PDF forms"), "Instructions for requesting PDF forms"): Actual text and expected text of test object 'Object Repository/Forms Landing Page/Page_Forms for registrants and applicants -_29e31d/h2_Instructions for requesting PDF forms' are matched.

2023-12-11 23:03:19 - [MESSAGE][PASSED] - Actual text and expected text of test object 'Object Repository/Forms Landing Page/Page_Forms for registrants and applicants -_29e31d/h2_Instructions for requesting PDF forms' are matched.

2023-12-11 23:03:19 - [TEST_STEP][PASSED] - click(findTestObject("Object Repository/Forms Landing Page/Page_Forms for registrants and applicants -_29e31d/summary_Instructions for requesting PDF forms")): Object: 'Object Repository/Forms Landing Page/Page_Forms for registrants and applicants -_29e31d/summary_Instructions for requesting PDF forms' is clicked on

2023-12-11 23:03:20 - [MESSAGE][PASSED] - Object: 'Object Repository/Forms Landing Page/Page_Forms for registrants and applicants -_29e31d/summary_Instructions for requesting PDF forms' is clicked on

2023-12-11 23:03:20 - [TEST_STEP][PASSED] - verifyElementText(findTestObject("Object Repository/Forms Landing Page/Page_Forms for registrants and applicants -_29e31d/p_Forms in PDF format are available upon re_989b8d"), "Forms in PDF format are available upon request. Click on the formâ€™s link from the table below to open an email addressed to pmra.docs.arla@hc-sc.gc.ca to submit your request. Ensure the text "Request for form [your form number]" is in the subject line of the email before sending."): Actual text and expected text of test object 'Object Repository/Forms Landing Page/Page_Forms for registrants and applicants -_29e31d/p_Forms in PDF format are available upon re_989b8d' are matched.

2023-12-11 23:03:20 - [MESSAGE][PASSED] - Actual text and expected text of test object 'Object Repository/Forms Landing Page/Page_Forms for registrants and applicants -_29e31d/p_Forms in PDF format are available upon re_989b8d' are matched.

2023-12-11 23:03:20 - [TEST_STEP][PASSED] - verifyElementClickable(findTestObject("Object Repository/Forms Landing Page/Page_Forms for registrants and applicants -_29e31d/a_pmra.docs.arlahc-sc.gc.ca")): Object 'Object Repository/Forms Landing Page/Page_Forms for registrants and applicants -_29e31d/a_pmra.docs.arlahc-sc.gc.ca' is clickable

2023-12-11 23:03:20 - [MESSAGE][PASSED] - Object 'Object Repository/Forms Landing Page/Page_Forms for registrants and applicants -_29e31d/a_pmra.docs.arlahc-sc.gc.ca' is clickable

2023-12-11 23:03:20 - [TEST_STEP][PASSED] - verifyElementText(findTestObject("Object Repository/Forms Landing Page/Page_Forms for registrants and applicants -_29e31d/p_Once received by the Pest Management Regu_d1194b"), "Once received by the Pest Management Regulatory Agency (PMRA), an email with the requested PDF form will be sent back to your email address."): Actual text and expected text of test object 'Object Repository/Forms Landing Page/Page_Forms for registrants and applicants -_29e31d/p_Once received by the Pest Management Regu_d1194b' are matched.

2023-12-11 23:03:21 - [MESSAGE][PASSED] - Actual text and expected text of test object 'Object Repository/Forms Landing Page/Page_Forms for registrants and applicants -_29e31d/p_Once received by the Pest Management Regu_d1194b' are matched.

2023-12-11 23:03:21 - [TEST_STEP][PASSED] - verifyElementText(findTestObject("Object Repository/Forms Landing Page/Page_Forms for registrants and applicants -_29e31d/p_Please note, all responses are provided d_07a4da"), "Please note, all responses are provided during hours of operation, Monday to Friday, only."): Actual text and expected text of test object 'Object Repository/Forms Landing Page/Page_Forms for registrants and applicants -_29e31d/p_Please note, all responses are provided d_07a4da' are matched.

2023-12-11 23:03:21 - [MESSAGE][PASSED] - Actual text and expected text of test object 'Object Repository/Forms Landing Page/Page_Forms for registrants and applicants -_29e31d/p_Please note, all responses are provided d_07a4da' are matched.

2023-12-11 23:03:21 - [TEST_STEP][PASSED] - verifyElementText(findTestObject("Object Repository/Forms Landing Page/Page_Forms for registrants and applicants -_29e31d/caption_Available forms"), "Available forms"): Actual text and expected text of test object 'Object Repository/Forms Landing Page/Page_Forms for registrants and applicants -_29e31d/caption_Available forms' are matched.

2023-12-11 23:03:21 - [MESSAGE][PASSED] - Actual text and expected text of test object 'Object Repository/Forms Landing Page/Page_Forms for registrants and applicants -_29e31d/caption_Available forms' are matched.

2023-12-11 23:03:21 - [TEST_STEP][NOT_RUN] - verifyElementText(findTestObject("Object Repository/Forms Landing Page/Page_Forms for registrants and applicants -_29e31d/th_Form number"), "Form number"): NOT_RUN: verifyElementText(findTestObject("Object Repository/Forms Landing Page/Page_Forms for registrants and applicants -_29e31d/th_Form number"), "Form number")

2023-12-11 23:03:21 - [MESSAGE][NOT_RUN] - NOT_RUN: verifyElementText(findTestObject("Object Repository/Forms Landing Page/Page_Forms for registrants and applicants -_29e31d/th_Form number"), "Form number")

2023-12-11 23:03:21 - [TEST_STEP][NOT_RUN] - verifyElementText(findTestObject("Object Repository/Forms Landing Page/Page_Forms for registrants and applicants -_29e31d/th_Format"), "Format"): NOT_RUN: verifyElementText(findTestObject("Object Repository/Forms Landing Page/Page_Forms for registrants and applicants -_29e31d/th_Format"), "Format")

2023-12-11 23:03:21 - [MESSAGE][NOT_RUN] - NOT_RUN: verifyElementText(findTestObject("Object Repository/Forms Landing Page/Page_Forms for registrants and applicants -_29e31d/th_Format"), "Format")

2023-12-11 23:03:21 - [TEST_STEP][NOT_RUN] - verifyElementText(findTestObject("Object Repository/Forms Landing Page/Page_Forms for registrants and applicants -_29e31d/th_Name"), "Name"): NOT_RUN: verifyElementText(findTestObject("Object Repository/Forms Landing Page/Page_Forms for registrants and applicants -_29e31d/th_Name"), "Name")

2023-12-11 23:03:21 - [MESSAGE][NOT_RUN] - NOT_RUN: verifyElementText(findTestObject("Object Repository/Forms Landing Page/Page_Forms for registrants and applicants -_29e31d/th_Name"), "Name")

2023-12-11 23:03:21 - [TEST_STEP][NOT_RUN] - verifyElementText(findTestObject("Object Repository/Forms Landing Page/Page_Forms for registrants and applicants -_29e31d/th_Last Modified"), "Last Modified"): NOT_RUN: verifyElementText(findTestObject("Object Repository/Forms Landing Page/Page_Forms for registrants and applicants -_29e31d/th_Last Modified"), "Last Modified")

2023-12-11 23:03:21 - [MESSAGE][NOT_RUN] - NOT_RUN: verifyElementText(findTestObject("Object Repository/Forms Landing Page/Page_Forms for registrants and applicants -_29e31d/th_Last Modified"), "Last Modified")

2023-12-11 23:03:21 - [TEST_STEP][NOT_RUN] - verifyElementText(findTestObject("Object Repository/Forms Landing Page/Page_Forms for registrants and applicants -_29e31d/h2_Support"), "Support"): NOT_RUN: verifyElementText(findTestObject("Object Repository/Forms Landing Page/Page_Forms for registrants and applicants -_29e31d/h2_Support"), "Support")

2023-12-11 23:03:21 - [MESSAGE][NOT_RUN] - NOT_RUN: verifyElementText(findTestObject("Object Repository/Forms Landing Page/Page_Forms for registrants and applicants -_29e31d/h2_Support"), "Support")

2023-12-11 23:03:21 - [TEST_STEP][NOT_RUN] - verifyElementText(findTestObject("Object Repository/Forms Landing Page/Page_Forms for registrants and applicants -_29e31d/p_If you have any questions on the forms, p_5a2f3e"), "If you have any questions on the forms, please contact the Pest Management Regulatory Agency Information Service"): NOT_RUN: verifyElementText(findTestObject("Object Repository/Forms Landing Page/Page_Forms for registrants and applicants -_29e31d/p_If you have any questions on the forms, p_5a2f3e"), "If you have any questions on the forms, please contact the Pest Management Regulatory Agency Information Service")

2023-12-11 23:03:21 - [MESSAGE][NOT_RUN] - NOT_RUN: verifyElementText(findTestObject("Object Repository/Forms Landing Page/Page_Forms for registrants and applicants -_29e31d/p_If you have any questions on the forms, p_5a2f3e"), "If you have any questions on the forms, please contact the Pest Management Regulatory Agency Information Service")

2023-12-11 23:03:21 - [TEST_STEP][NOT_RUN] - rightClick(findTestObject("Object Repository/Forms Landing Page/Page_Forms for registrants and applicants -_29e31d/a_Pest Management Regulatory Agency Informa_37e21b")): NOT_RUN: rightClick(findTestObject("Object Repository/Forms Landing Page/Page_Forms for registrants and applicants -_29e31d/a_Pest Management Regulatory Agency Informa_37e21b"))

2023-12-11 23:03:21 - [MESSAGE][NOT_RUN] - NOT_RUN: rightClick(findTestObject("Object Repository/Forms Landing Page/Page_Forms for registrants and applicants -_29e31d/a_Pest Management Regulatory Agency Informa_37e21b"))

2023-12-11 23:03:21 - [TEST_STEP][NOT_RUN] - verifyElementClickable(findTestObject("Object Repository/Forms Landing Page/Page_Forms for registrants and applicants -_29e31d/a_Pest Management Regulatory Agency Informa_37e21b")): NOT_RUN: verifyElementClickable(findTestObject("Object Repository/Forms Landing Page/Page_Forms for registrants and applicants -_29e31d/a_Pest Management Regulatory Agency Informa_37e21b"))

2023-12-11 23:03:21 - [MESSAGE][NOT_RUN] - NOT_RUN: verifyElementClickable(findTestObject("Object Repository/Forms Landing Page/Page_Forms for registrants and applicants -_29e31d/a_Pest Management Regulatory Agency Informa_37e21b"))

2023-12-11 23:03:21 - [TEST_STEP][NOT_RUN] - click(findTestObject("Object Repository/Forms Landing Page/Page_Forms for registrants and applicants -_29e31d/body_Language selectionFranaisfrWarningSwit_464108")): NOT_RUN: click(findTestObject("Object Repository/Forms Landing Page/Page_Forms for registrants and applicants -_29e31d/body_Language selectionFranaisfrWarningSwit_464108"))

2023-12-11 23:03:21 - [MESSAGE][NOT_RUN] - NOT_RUN: click(findTestObject("Object Repository/Forms Landing Page/Page_Forms for registrants and applicants -_29e31d/body_Language selectionFranaisfrWarningSwit_464108"))

2023-12-11 23:03:21 - [TEST_STEP][PASSED] - closeBrowser(): Browser is closed

2023-12-11 23:03:22 - [MESSAGE][PASSED] - Browser is closed

2023-12-11 23:03:22 - [TEST_STEP][PASSED] - Start listener action : sampleAfterTestCase: null]]></system-out>
         <system-err><![CDATA[]]></system-err>
      </testcase>
      <system-out><![CDATA[2023-12-11 23:03:11 - [TEST_SUITE][PASSED] - Regression: Test Cases/Forms Landing Page]]></system-out>
      <system-err><![CDATA[]]></system-err>
   </testsuite>
</testsuites>
